Using pre-set license
Built from '2021.3/staging' branch; Version is '2021.3.3f1 (af2e63e8f9bd) revision 11480675'; Using compiler version '192829333'; Build Type 'Release'
OS: 'Windows 10  (10.0.19045) 64bit Core' Language: 'ru' Physical Memory: 32719 MB
BatchMode: 1, IsHumanControllingUs: 0, StartBugReporterOnCrash: 0, Is64bit: 1, IsPro: 1

COMMAND LINE ARGUMENTS:
F:\Programs\Unity 5\2021.3.3f1\Editor\Unity.exe
-adb2
-batchMode
-noUpm
-name
AssetImportWorker0
-projectPath
F:/GitHub repositories/Project-S/Project-S
-logFile
Logs/AssetImportWorker0.log
-srvPort
53230
Successfully changed project path to: F:/GitHub repositories/Project-S/Project-S
F:/GitHub repositories/Project-S/Project-S
[UnityMemory] Configuration Parameters - Can be set up in boot.config
    "memorysetup-bucket-allocator-granularity=16"
    "memorysetup-bucket-allocator-bucket-count=8"
    "memorysetup-bucket-allocator-block-size=33554432"
    "memorysetup-bucket-allocator-block-count=8"
    "memorysetup-main-allocator-block-size=16777216"
    "memorysetup-thread-allocator-block-size=16777216"
    "memorysetup-gfx-main-allocator-block-size=16777216"
    "memorysetup-gfx-thread-allocator-block-size=16777216"
    "memorysetup-cache-allocator-block-size=4194304"
    "memorysetup-typetree-allocator-block-size=2097152"
    "memorysetup-profiler-bucket-allocator-granularity=16"
    "memorysetup-profiler-bucket-allocator-bucket-count=8"
    "memorysetup-profiler-bucket-allocator-block-size=33554432"
    "memorysetup-profiler-bucket-allocator-block-count=8"
    "memorysetup-profiler-allocator-block-size=16777216"
    "memorysetup-profiler-editor-allocator-block-size=1048576"
    "memorysetup-temp-allocator-size-main=16777216"
    "memorysetup-job-temp-allocator-block-size=2097152"
    "memorysetup-job-temp-allocator-block-size-background=1048576"
    "memorysetup-job-temp-allocator-reduction-small-platforms=262144"
    "memorysetup-temp-allocator-size-background-worker=32768"
    "memorysetup-temp-allocator-size-job-worker=262144"
    "memorysetup-temp-allocator-size-preload-manager=33554432"
    "memorysetup-temp-allocator-size-nav-mesh-worker=65536"
    "memorysetup-temp-allocator-size-audio-worker=65536"
    "memorysetup-temp-allocator-size-cloud-worker=32768"
    "memorysetup-temp-allocator-size-gi-baking-worker=262144"
    "memorysetup-temp-allocator-size-gfx=262144"
Refreshing native plugins compatible for Editor in 153.24 ms, found 3 plugins.
Preloading 0 native plugins for Editor in 0.00 ms.
Initialize engine version: 2021.3.3f1 (af2e63e8f9bd)
[Subsystems] Discovering subsystems at path F:/Programs/Unity 5/2021.3.3f1/Editor/Data/Resources/UnitySubsystems
[Subsystems] Discovering subsystems at path F:/GitHub repositories/Project-S/Project-S/Assets
GfxDevice: creating device client; threaded=0; jobified=0
Direct3D:
    Version:  Direct3D 11.0 [level 11.1]
    Renderer: NVIDIA GeForce RTX 3070 (ID=0x2488)
    Vendor:   NVIDIA
    VRAM:     8031 MB
    Driver:   31.0.15.2849
Initialize mono
Mono path[0] = 'F:/Programs/Unity 5/2021.3.3f1/Editor/Data/Managed'
Mono path[1] = 'F:/Programs/Unity 5/2021.3.3f1/Editor/Data/MonoBleedingEdge/lib/mono/unityjit-win32'
Mono config path = 'F:/Programs/Unity 5/2021.3.3f1/Editor/Data/MonoBleedingEdge/etc'
Using monoOptions --debugger-agent=transport=dt_socket,embedding=1,server=y,suspend=n,address=127.0.0.1:56840
Begin MonoManager ReloadAssembly
Registering precompiled unity dll's ...
Register platform support module: F:/Programs/Unity 5/2021.3.3f1/Editor/Data/PlaybackEngines/AndroidPlayer/UnityEditor.Android.Extensions.dll
Register platform support module: F:/Programs/Unity 5/2021.3.3f1/Editor/Data/PlaybackEngines/iOSSupport/UnityEditor.iOS.Extensions.dll
Register platform support module: F:/Programs/Unity 5/2021.3.3f1/Editor/Data/PlaybackEngines/WindowsStandaloneSupport/UnityEditor.WindowsStandalone.Extensions.dll
Register platform support module: F:/Programs/Unity 5/2021.3.3f1/Editor/Data/PlaybackEngines/MetroSupport/UnityEditor.UWP.Extensions.dll
Registered in 0.005225 seconds.
Native extension for UWP target not found
Native extension for WindowsStandalone target not found
[usbmuxd] Start listen thread
[usbmuxd] Listen thread started
Native extension for iOS target not found
Native extension for Android target not found
Refreshing native plugins compatible for Editor in 147.73 ms, found 3 plugins.
Preloading 0 native plugins for Editor in 0.00 ms.
Mono: successfully reloaded assembly
- Completed reload, in  0.796 seconds
Domain Reload Profiling:
	ReloadAssembly (797ms)
		BeginReloadAssembly (84ms)
			ExecutionOrderSort (0ms)
			DisableScriptedObjects (0ms)
			BackupInstance (0ms)
			ReleaseScriptingObjects (0ms)
			CreateAndSetChildDomain (1ms)
		EndReloadAssembly (601ms)
			LoadAssemblies (84ms)
			RebuildTransferFunctionScriptingTraits (0ms)
			SetupTypeCache (117ms)
			ReleaseScriptCaches (0ms)
			RebuildScriptCaches (38ms)
			SetupLoadedEditorAssemblies (388ms)
				LogAssemblyErrors (0ms)
				InitializePlatformSupportModulesInManaged (68ms)
				SetLoadedEditorAssemblies (0ms)
				RefreshPlugins (148ms)
				BeforeProcessingInitializeOnLoad (2ms)
				ProcessInitializeOnLoadAttributes (114ms)
				ProcessInitializeOnLoadMethodAttributes (56ms)
				AfterProcessingInitializeOnLoad (0ms)
				EditorAssembliesLoaded (0ms)
			ExecutionOrderSort2 (0ms)
			AwakeInstancesAfterBackupRestoration (0ms)
Platform modules already initialized, skipping
Registering precompiled user dll's ...
Registered in 0.006973 seconds.
Begin MonoManager ReloadAssembly
Symbol file LoadedFromMemory doesn't match image F:\GitHub repositories\Project-S\Project-S\Library\PackageCache\com.unity.visualscripting@1.7.6\Editor\VisualScripting.Core\Dependencies\YamlDotNet\Unity.VisualScripting.YamlDotNet.dll
Symbol file LoadedFromMemory doesn't match image F:\GitHub repositories\Project-S\Project-S\Library\PackageCache\com.unity.visualscripting@1.7.6\Editor\VisualScripting.Core\Dependencies\DotNetZip\Unity.VisualScripting.IonicZip.dll
Native extension for UWP target not found
Native extension for WindowsStandalone target not found
Native extension for iOS target not found
Native extension for Android target not found
Refreshing native plugins compatible for Editor in 163.09 ms, found 3 plugins.
Preloading 0 native plugins for Editor in 0.00 ms.
Mono: successfully reloaded assembly
- Completed reload, in  1.991 seconds
Domain Reload Profiling:
	ReloadAssembly (1993ms)
		BeginReloadAssembly (231ms)
			ExecutionOrderSort (0ms)
			DisableScriptedObjects (11ms)
			BackupInstance (0ms)
			ReleaseScriptingObjects (0ms)
			CreateAndSetChildDomain (122ms)
		EndReloadAssembly (1631ms)
			LoadAssemblies (113ms)
			RebuildTransferFunctionScriptingTraits (0ms)
			SetupTypeCache (432ms)
			ReleaseScriptCaches (1ms)
			RebuildScriptCaches (131ms)
			SetupLoadedEditorAssemblies (891ms)
				LogAssemblyErrors (0ms)
				InitializePlatformSupportModulesInManaged (28ms)
				SetLoadedEditorAssemblies (0ms)
				RefreshPlugins (163ms)
				BeforeProcessingInitializeOnLoad (179ms)
				ProcessInitializeOnLoadAttributes (404ms)
				ProcessInitializeOnLoadMethodAttributes (113ms)
				AfterProcessingInitializeOnLoad (4ms)
				EditorAssembliesLoaded (0ms)
			ExecutionOrderSort2 (0ms)
			AwakeInstancesAfterBackupRestoration (9ms)
Platform modules already initialized, skipping
========================================================================
Worker process is ready to serve import requests
Launched and connected shader compiler UnityShaderCompiler.exe after 0.10 seconds
Refreshing native plugins compatible for Editor in 1.53 ms, found 3 plugins.
Preloading 0 native plugins for Editor in 0.00 ms.
Unloading 6052 Unused Serialized files (Serialized files now loaded: 0)
Unloading 35 unused Assets / (1.1 MB). Loaded Objects now: 6519.
Memory consumption went from 236.0 MB to 234.9 MB.
Total: 4.638600 ms (FindLiveObjects: 0.525300 ms CreateObjectMapping: 0.175300 ms MarkObjects: 3.535200 ms  DeleteObjects: 0.401100 ms)

AssetImportParameters requested are different than current active one (requested -> active):
  custom:video-decoder-ogg-theora: a1e56fd34408186e4bbccfd4996cb3dc -> 
  custom:container-muxer-webm: aa71ff27fc2769a1b78a27578f13a17b -> 
  custom:container-demuxer-webm: 4f35f7cbe854078d1ac9338744f61a02 -> 
  custom:video-encoder-webm-vp8: eb34c28f22e8b96e1ab97ce403110664 -> 
  custom:audio-encoder-webm-vorbis: bf7c407c2cedff20999df2af8eb42d56 -> 
  custom:framework-win-MediaFoundation: 216162199b28c13a410421893ffa2e32 -> 
  custom:container-demuxer-ogg: 62fdf1f143b41e24485cea50d1cbac27 -> 
  custom:video-decoder-webm-vp8: 9c59270c3fd7afecdb556c50c9e8de78 -> 
  custom:audio-decoder-ogg-vorbis: bf7c407c2cedff20999df2af8eb42d56 -> 
========================================================================
Received Import Request.
  Time since last request: 29702.816963 seconds.
  path: Assets/Shaders
  artifactKey: Guid(8503e54d6782ac74abfd5bbe1a29de5e) Importer(815301076,1909f56bfc062723c751e8b465ee728b)
Start importing Assets/Shaders using Guid(8503e54d6782ac74abfd5bbe1a29de5e) Importer(815301076,1909f56bfc062723c751e8b465ee728b)  -> (artifact id: 'a1c83af252e98216bd51e75fc59e2355') in 0.016323 seconds 
========================================================================
Received Import Request.
  Time since last request: 3.934191 seconds.
  path: Assets/Shaders/VFX
  artifactKey: Guid(54c9ee99d1d5c4849a7c8189a79f295d) Importer(815301076,1909f56bfc062723c751e8b465ee728b)
Start importing Assets/Shaders/VFX using Guid(54c9ee99d1d5c4849a7c8189a79f295d) Importer(815301076,1909f56bfc062723c751e8b465ee728b)  -> (artifact id: 'd7d61ca72813c57f6b85c043781e7bbe') in 0.005817 seconds 
========================================================================
Received Import Request.
  Time since last request: 33.137997 seconds.
  path: Assets/Shaders/VFX/SlashShader.shadergraph
  artifactKey: Guid(fb8b8c709c748604785018de29ba14b9) Importer(815301076,1909f56bfc062723c751e8b465ee728b)
Start importing Assets/Shaders/VFX/SlashShader.shadergraph using Guid(fb8b8c709c748604785018de29ba14b9) Importer(815301076,1909f56bfc062723c751e8b465ee728b)  -> (artifact id: 'e0afb88184690c8633e78bc159e7662f') in 0.055188 seconds 
========================================================================
Received Import Request.
  Time since last request: 371.089297 seconds.
  path: Assets/Shaders/VFX/SlashShader.shadergraph
  artifactKey: Guid(fb8b8c709c748604785018de29ba14b9) Importer(815301076,1909f56bfc062723c751e8b465ee728b)
Start importing Assets/Shaders/VFX/SlashShader.shadergraph using Guid(fb8b8c709c748604785018de29ba14b9) Importer(815301076,1909f56bfc062723c751e8b465ee728b)  -> (artifact id: 'b90f6e623a3f00aca16bb8c431d0a16e') in 0.004050 seconds 
========================================================================
Received Import Request.
  Time since last request: 22.461136 seconds.
  path: Assets/VFX/Attacks/SlashGraph.vfx
  artifactKey: Guid(f2558e8a40c3a6b4093be99d990b4eaf) Importer(815301076,1909f56bfc062723c751e8b465ee728b)
Start importing Assets/VFX/Attacks/SlashGraph.vfx using Guid(f2558e8a40c3a6b4093be99d990b4eaf) Importer(815301076,1909f56bfc062723c751e8b465ee728b)  -> (artifact id: '93107008d8a8b0e520ca0b908af4d8af') in 0.310536 seconds 
========================================================================
Received Import Request.
  Time since last request: 4.348120 seconds.
  path: Assets/VFX/Attacks/SlashGraph.vfx
  artifactKey: Guid(f2558e8a40c3a6b4093be99d990b4eaf) Importer(815301076,1909f56bfc062723c751e8b465ee728b)
Start importing Assets/VFX/Attacks/SlashGraph.vfx using Guid(f2558e8a40c3a6b4093be99d990b4eaf) Importer(815301076,1909f56bfc062723c751e8b465ee728b)  -> (artifact id: 'a4e8e6dd284657ed8d1816a97289a54e') in 0.012507 seconds 
========================================================================
Received Import Request.
  Time since last request: 1789.296736 seconds.
  path: Assets/VFX/Attacks/SlashGraph.vfx
  artifactKey: Guid(f2558e8a40c3a6b4093be99d990b4eaf) Importer(815301076,1909f56bfc062723c751e8b465ee728b)
Start importing Assets/VFX/Attacks/SlashGraph.vfx using Guid(f2558e8a40c3a6b4093be99d990b4eaf) Importer(815301076,1909f56bfc062723c751e8b465ee728b)  -> (artifact id: 'd4aa713fd7e34cbf5a4719c0e0380e57') in 0.011267 seconds 
========================================================================
Received Import Request.
  Time since last request: 0.374575 seconds.
  path: Assets/VFX/Attacks/SlashGraph.vfx
  artifactKey: Guid(f2558e8a40c3a6b4093be99d990b4eaf) Importer(815301076,1909f56bfc062723c751e8b465ee728b)
Start importing Assets/VFX/Attacks/SlashGraph.vfx using Guid(f2558e8a40c3a6b4093be99d990b4eaf) Importer(815301076,1909f56bfc062723c751e8b465ee728b)  -> (artifact id: '5a56ed6e4964522ffd0f7e42bb9229c6') in 0.010921 seconds 
========================================================================
Received Import Request.
  Time since last request: 25.398164 seconds.
  path: Assets/VFX/Attacks/SlashGraph.vfx
  artifactKey: Guid(f2558e8a40c3a6b4093be99d990b4eaf) Importer(815301076,1909f56bfc062723c751e8b465ee728b)
Start importing Assets/VFX/Attacks/SlashGraph.vfx using Guid(f2558e8a40c3a6b4093be99d990b4eaf) Importer(815301076,1909f56bfc062723c751e8b465ee728b)  -> (artifact id: 'be01afe85948423af9f682d9a4f9c218') in 0.009380 seconds 
========================================================================
Received Import Request.
  Time since last request: 135.583489 seconds.
  path: Assets/VFX/Attacks/SlashGraph.vfx
  artifactKey: Guid(f2558e8a40c3a6b4093be99d990b4eaf) Importer(815301076,1909f56bfc062723c751e8b465ee728b)
Start importing Assets/VFX/Attacks/SlashGraph.vfx using Guid(f2558e8a40c3a6b4093be99d990b4eaf) Importer(815301076,1909f56bfc062723c751e8b465ee728b)  -> (artifact id: '2463804f3f0a9ea90c2285dae790cd72') in 0.010775 seconds 
========================================================================
Received Import Request.
  Time since last request: 9.259875 seconds.
  path: Assets/VFX/Attacks/SlashGraph.vfx
  artifactKey: Guid(f2558e8a40c3a6b4093be99d990b4eaf) Importer(815301076,1909f56bfc062723c751e8b465ee728b)
Start importing Assets/VFX/Attacks/SlashGraph.vfx using Guid(f2558e8a40c3a6b4093be99d990b4eaf) Importer(815301076,1909f56bfc062723c751e8b465ee728b)  -> (artifact id: 'e600e9aad88fccc10f0d336dae4c691a') in 0.010558 seconds 
========================================================================
Received Import Request.
  Time since last request: 418.363978 seconds.
  path: Assets/VFX/Attacks/SlashGraph.vfx
  artifactKey: Guid(f2558e8a40c3a6b4093be99d990b4eaf) Importer(815301076,1909f56bfc062723c751e8b465ee728b)
Start importing Assets/VFX/Attacks/SlashGraph.vfx using Guid(f2558e8a40c3a6b4093be99d990b4eaf) Importer(815301076,1909f56bfc062723c751e8b465ee728b)  -> (artifact id: '033ec92efcfcf50edd2a160e24e03ecf') in 0.013380 seconds 
========================================================================
Received Import Request.
  Time since last request: 210.462005 seconds.
  path: Assets/VFX/Attacks/SlashGraph.vfx
  artifactKey: Guid(f2558e8a40c3a6b4093be99d990b4eaf) Importer(815301076,1909f56bfc062723c751e8b465ee728b)
Start importing Assets/VFX/Attacks/SlashGraph.vfx using Guid(f2558e8a40c3a6b4093be99d990b4eaf) Importer(815301076,1909f56bfc062723c751e8b465ee728b)  -> (artifact id: '4e4fba88af74933182440f8899ae388e') in 0.010232 seconds 
========================================================================
Received Import Request.
  Time since last request: 140.411626 seconds.
  path: Assets/VFX/Attacks/SlashGraph.vfx
  artifactKey: Guid(f2558e8a40c3a6b4093be99d990b4eaf) Importer(815301076,1909f56bfc062723c751e8b465ee728b)
Start importing Assets/VFX/Attacks/SlashGraph.vfx using Guid(f2558e8a40c3a6b4093be99d990b4eaf) Importer(815301076,1909f56bfc062723c751e8b465ee728b)  -> (artifact id: '1ae1d9af92eed5d5db7c2ff7834e940b') in 0.325659 seconds 
========================================================================
Received Import Request.
  Time since last request: 34.964920 seconds.
  path: Assets/VFX/Attacks/SlashGraph.vfx
  artifactKey: Guid(f2558e8a40c3a6b4093be99d990b4eaf) Importer(815301076,1909f56bfc062723c751e8b465ee728b)
Start importing Assets/VFX/Attacks/SlashGraph.vfx using Guid(f2558e8a40c3a6b4093be99d990b4eaf) Importer(815301076,1909f56bfc062723c751e8b465ee728b)  -> (artifact id: '2f49517ba7add7badcf0500e5ff6db48') in 0.323008 seconds 
========================================================================
Received Import Request.
  Time since last request: 10.866520 seconds.
  path: Assets/VFX/Attacks/SlashGraph.vfx
  artifactKey: Guid(f2558e8a40c3a6b4093be99d990b4eaf) Importer(815301076,1909f56bfc062723c751e8b465ee728b)
Start importing Assets/VFX/Attacks/SlashGraph.vfx using Guid(f2558e8a40c3a6b4093be99d990b4eaf) Importer(815301076,1909f56bfc062723c751e8b465ee728b)  -> (artifact id: '3330e7a0676d0521af6982352e835b14') in 0.018287 seconds 
========================================================================
Received Import Request.
  Time since last request: 469.211484 seconds.
  path: Assets/VFX/Attacks/SlashGraph.vfx
  artifactKey: Guid(f2558e8a40c3a6b4093be99d990b4eaf) Importer(815301076,1909f56bfc062723c751e8b465ee728b)
Start importing Assets/VFX/Attacks/SlashGraph.vfx using Guid(f2558e8a40c3a6b4093be99d990b4eaf) Importer(815301076,1909f56bfc062723c751e8b465ee728b)  -> (artifact id: '6e27084c4b1ddb60cb30613bfd38fcb2') in 0.020467 seconds 
========================================================================
Received Import Request.
  Time since last request: 2.333128 seconds.
  path: Assets/VFX/Attacks/SlashGraph.vfx
  artifactKey: Guid(f2558e8a40c3a6b4093be99d990b4eaf) Importer(815301076,1909f56bfc062723c751e8b465ee728b)
Start importing Assets/VFX/Attacks/SlashGraph.vfx using Guid(f2558e8a40c3a6b4093be99d990b4eaf) Importer(815301076,1909f56bfc062723c751e8b465ee728b)  -> (artifact id: 'ca4b33e0157f29656c11e0b217c54940') in 0.305593 seconds 
========================================================================
Received Import Request.
  Time since last request: 403.990640 seconds.
  path: Assets/VFX/Attacks/SlashGraph.vfx
  artifactKey: Guid(f2558e8a40c3a6b4093be99d990b4eaf) Importer(815301076,1909f56bfc062723c751e8b465ee728b)
Start importing Assets/VFX/Attacks/SlashGraph.vfx using Guid(f2558e8a40c3a6b4093be99d990b4eaf) Importer(815301076,1909f56bfc062723c751e8b465ee728b)  -> (artifact id: '1f81a10ac3dfe5e907361dd0aca22813') in 0.020044 seconds 
========================================================================
Received Import Request.
  Time since last request: 651.108696 seconds.
  path: Assets/Meshes/VFXMeshes/Attacks/Slash.fbx
  artifactKey: Guid(3f1bb3ae80f0268419f115351cc8972e) Importer(815301076,1909f56bfc062723c751e8b465ee728b)
Start importing Assets/Meshes/VFXMeshes/Attacks/Slash.fbx using Guid(3f1bb3ae80f0268419f115351cc8972e) Importer(815301076,1909f56bfc062723c751e8b465ee728b)  -> (artifact id: 'fe7d87fc3c1c6feff72f1ebb0bef7366') in 0.138658 seconds 
========================================================================
Received Import Request.
  Time since last request: 29.429045 seconds.
  path: Assets/Meshes/VFXMeshes/Attacks/Slash.fbx
  artifactKey: Guid(3f1bb3ae80f0268419f115351cc8972e) Importer(815301076,1909f56bfc062723c751e8b465ee728b)
Start importing Assets/Meshes/VFXMeshes/Attacks/Slash.fbx using Guid(3f1bb3ae80f0268419f115351cc8972e) Importer(815301076,1909f56bfc062723c751e8b465ee728b)  -> (artifact id: '51068039a538ee4c226882e927e876ed') in 0.015343 seconds 
========================================================================
Received Import Request.
  Time since last request: 99.751875 seconds.
  path: Assets/Meshes/VFXMeshes/Attacks/Slash.fbx
  artifactKey: Guid(3f1bb3ae80f0268419f115351cc8972e) Importer(815301076,1909f56bfc062723c751e8b465ee728b)
Start importing Assets/Meshes/VFXMeshes/Attacks/Slash.fbx using Guid(3f1bb3ae80f0268419f115351cc8972e) Importer(815301076,1909f56bfc062723c751e8b465ee728b)  -> (artifact id: 'b4d6e25cc362f29df4ac49af9152f600') in 0.016667 seconds 
========================================================================
Received Import Request.
  Time since last request: 18.724394 seconds.
  path: Assets/Meshes/VFXMeshes/Attacks/Slash.fbx
  artifactKey: Guid(3f1bb3ae80f0268419f115351cc8972e) Importer(815301076,1909f56bfc062723c751e8b465ee728b)
Start importing Assets/Meshes/VFXMeshes/Attacks/Slash.fbx using Guid(3f1bb3ae80f0268419f115351cc8972e) Importer(815301076,1909f56bfc062723c751e8b465ee728b)  -> (artifact id: '19cfc11a0e9c46412bad250be0a30fcb') in 0.015330 seconds 
========================================================================
Received Import Request.
  Time since last request: 14.955751 seconds.
  path: Assets/Meshes/VFXMeshes/Attacks/Slash.fbx
  artifactKey: Guid(3f1bb3ae80f0268419f115351cc8972e) Importer(815301076,1909f56bfc062723c751e8b465ee728b)
Start importing Assets/Meshes/VFXMeshes/Attacks/Slash.fbx using Guid(3f1bb3ae80f0268419f115351cc8972e) Importer(815301076,1909f56bfc062723c751e8b465ee728b)  -> (artifact id: '00a5c62f0025c42ded16d26e9dc73a15') in 0.015699 seconds 
========================================================================
Received Import Request.
  Time since last request: 8.376519 seconds.
  path: Assets/Meshes/VFXMeshes/Attacks/Slash.fbx
  artifactKey: Guid(3f1bb3ae80f0268419f115351cc8972e) Importer(815301076,1909f56bfc062723c751e8b465ee728b)
Start importing Assets/Meshes/VFXMeshes/Attacks/Slash.fbx using Guid(3f1bb3ae80f0268419f115351cc8972e) Importer(815301076,1909f56bfc062723c751e8b465ee728b)  -> (artifact id: '6c8c932cb69e1f50861bc03bf2077a67') in 0.015376 seconds 
========================================================================
Received Import Request.
  Time since last request: 246.998097 seconds.
  path: Assets/Meshes/VFXMeshes/Attacks/Slash2.fbx
  artifactKey: Guid(7a13a375064eccc4e87f4665084f2df9) Importer(815301076,1909f56bfc062723c751e8b465ee728b)
Start importing Assets/Meshes/VFXMeshes/Attacks/Slash2.fbx using Guid(7a13a375064eccc4e87f4665084f2df9) Importer(815301076,1909f56bfc062723c751e8b465ee728b)  -> (artifact id: '5f7ed52e4325710ea8019c04954ff462') in 0.020861 seconds 
========================================================================
Received Import Request.
  Time since last request: 9.174202 seconds.
  path: Assets/Meshes/VFXMeshes/Attacks/Slash2.fbx
  artifactKey: Guid(7a13a375064eccc4e87f4665084f2df9) Importer(815301076,1909f56bfc062723c751e8b465ee728b)
Start importing Assets/Meshes/VFXMeshes/Attacks/Slash2.fbx using Guid(7a13a375064eccc4e87f4665084f2df9) Importer(815301076,1909f56bfc062723c751e8b465ee728b)  -> (artifact id: '5810de7955bbd2352ca9de0a6c266283') in 0.026621 seconds 
========================================================================
Received Import Request.
  Time since last request: 17.148712 seconds.
  path: Assets/VFX/Attacks/SlashGraph.vfx
  artifactKey: Guid(f2558e8a40c3a6b4093be99d990b4eaf) Importer(815301076,1909f56bfc062723c751e8b465ee728b)
Start importing Assets/VFX/Attacks/SlashGraph.vfx using Guid(f2558e8a40c3a6b4093be99d990b4eaf) Importer(815301076,1909f56bfc062723c751e8b465ee728b)  -> (artifact id: '4be6eec44cb88d86603c5365861559e3') in 0.018809 seconds 
========================================================================
Received Import Request.
  Time since last request: 123.932870 seconds.
  path: Assets/VFX/Attacks/SlashGraph.vfx
  artifactKey: Guid(f2558e8a40c3a6b4093be99d990b4eaf) Importer(815301076,1909f56bfc062723c751e8b465ee728b)
Start importing Assets/VFX/Attacks/SlashGraph.vfx using Guid(f2558e8a40c3a6b4093be99d990b4eaf) Importer(815301076,1909f56bfc062723c751e8b465ee728b)  -> (artifact id: '70128bbad52737dcac483deeca7ae4c5') in 0.020260 seconds 
========================================================================
Received Import Request.
  Time since last request: 2572.592441 seconds.
  path: Assets/VFX/Attacks/SlashGraph.vfx
  artifactKey: Guid(f2558e8a40c3a6b4093be99d990b4eaf) Importer(815301076,1909f56bfc062723c751e8b465ee728b)
Start importing Assets/VFX/Attacks/SlashGraph.vfx using Guid(f2558e8a40c3a6b4093be99d990b4eaf) Importer(815301076,1909f56bfc062723c751e8b465ee728b)  -> (artifact id: '4d54c90ad91aa7ac28fd181715051dc1') in 0.025358 seconds 
========================================================================
Received Import Request.
  Time since last request: 4.053222 seconds.
  path: Assets/VFX/Attacks/SlashGraph.vfx
  artifactKey: Guid(f2558e8a40c3a6b4093be99d990b4eaf) Importer(815301076,1909f56bfc062723c751e8b465ee728b)
Start importing Assets/VFX/Attacks/SlashGraph.vfx using Guid(f2558e8a40c3a6b4093be99d990b4eaf) Importer(815301076,1909f56bfc062723c751e8b465ee728b)  -> (artifact id: '3c2afbb96f706b1d3501de9b84797cfa') in 0.019253 seconds 
========================================================================
Received Import Request.
  Time since last request: 165.949112 seconds.
  path: Assets/VFX/Attacks/SlashGraph.vfx
  artifactKey: Guid(f2558e8a40c3a6b4093be99d990b4eaf) Importer(815301076,1909f56bfc062723c751e8b465ee728b)
Start importing Assets/VFX/Attacks/SlashGraph.vfx using Guid(f2558e8a40c3a6b4093be99d990b4eaf) Importer(815301076,1909f56bfc062723c751e8b465ee728b)  -> (artifact id: '8b9d221aeec43d40efb4d29c59775a7a') in 0.052721 seconds 
========================================================================
Received Import Request.
  Time since last request: 25.125117 seconds.
  path: Assets/VFX/Attacks/SlashGraph.vfx
  artifactKey: Guid(f2558e8a40c3a6b4093be99d990b4eaf) Importer(815301076,1909f56bfc062723c751e8b465ee728b)
Start importing Assets/VFX/Attacks/SlashGraph.vfx using Guid(f2558e8a40c3a6b4093be99d990b4eaf) Importer(815301076,1909f56bfc062723c751e8b465ee728b)  -> (artifact id: '05259782488df72c681c13df4b740be7') in 0.020393 seconds 
========================================================================
Received Import Request.
  Time since last request: 4.461706 seconds.
  path: Assets/VFX/Attacks/SlashGraph.vfx
  artifactKey: Guid(f2558e8a40c3a6b4093be99d990b4eaf) Importer(815301076,1909f56bfc062723c751e8b465ee728b)
Start importing Assets/VFX/Attacks/SlashGraph.vfx using Guid(f2558e8a40c3a6b4093be99d990b4eaf) Importer(815301076,1909f56bfc062723c751e8b465ee728b)  -> (artifact id: '7d9185c70add70f30c6a175ba5b918a2') in 0.028248 seconds 
========================================================================
Received Import Request.
  Time since last request: 1463.951813 seconds.
  path: Assets/VFX/Attacks/SlashGraph.vfx
  artifactKey: Guid(f2558e8a40c3a6b4093be99d990b4eaf) Importer(815301076,1909f56bfc062723c751e8b465ee728b)
Start importing Assets/VFX/Attacks/SlashGraph.vfx using Guid(f2558e8a40c3a6b4093be99d990b4eaf) Importer(815301076,1909f56bfc062723c751e8b465ee728b)  -> (artifact id: '2ad841453cc40e26c0b67b271b2fe79f') in 0.365610 seconds 
========================================================================
Received Import Request.
  Time since last request: 137.973721 seconds.
  path: Assets/VFX/Attacks/SlashGraph.vfx
  artifactKey: Guid(f2558e8a40c3a6b4093be99d990b4eaf) Importer(815301076,1909f56bfc062723c751e8b465ee728b)
Start importing Assets/VFX/Attacks/SlashGraph.vfx using Guid(f2558e8a40c3a6b4093be99d990b4eaf) Importer(815301076,1909f56bfc062723c751e8b465ee728b)  -> (artifact id: '877ffc06bb2b09a874597d3885651607') in 0.294506 seconds 
